Set # :    1
================================================================================
Hunter Set (Gun)                        High Rank   Gunner      
--------------------------------------------------------------------------------
Weapon                                  ---                                   
Hunter's Cap                            O--                                   
Hunter's Vest                           O--                                   
Hunter's Guards                         O--                                   
Hunter's Coat                           O--                                   
Hunter's Leggings                       O--                                   
CHARM:                                  ---                                   
--------------------------------------------------------------------------------
                    WEP HEA CHE ARM WAI LEG CHA TOT
Defense             ---  32  32  32  32  32 --- 160
Resist: Fire        ---   4  -1  -1  -1  -1 ---   0
        Water       ---  -1  -1  -1  -1  -1 ---  -5
        Ice         ---   4  -1  -1  -1  -1 ---   0
        Thunder     ---   4  -1  -1  -1  -1 ---   0
        Dragon      ---   4  -1  -1  -1  -1 ---   0
--------------------------------------------------------------------------------
Skills: Psychic     ---   5   3   4   1   2 ---  15 Autotracker         
        Map         ---   1   1   1   3   4 ---  10 Farsight            
        BBQ         ---   2   1   2   3   2 ---  10 BBQ Expert          
        Attack      --- ---   1 ---   1 --- ---   2 ---                 
        Water Res   ---  -1  -1  -2  -1  -1 ---  -6 ---                 
================================================================================
Set # :    2
================================================================================
Bone Set (Gun)                          High Rank   Gunner      
--------------------------------------------------------------------------------
Weapon                                  ---                                   
Bone Cap                                O--                                   
Bone Vest                               O--                                   
Bone Guards                             O--                                   
Bone Coat                               O--                                   
Bone Leggings                           O--                                   
CHARM:                                  ---                                   
--------------------------------------------------------------------------------
                    WEP HEA CHE ARM WAI LEG CHA TOT
Defense             ---  34  34  34  34  34 --- 170
Resist: Fire        ---   7   2   2   2   2 ---  15
        Water       ---  -2  -2  -2  -2  -2 --- -10
        Ice         ---  -1  -1  -1  -1  -1 ---  -5
        Thunder     ---   2   2   2   2   2 ---  10
        Dragon      ---   3   3   3   3   3 ---  15
--------------------------------------------------------------------------------
Skills: Hunger      ---   5   3   4   2   1 ---  15 Negate Hunger       
        LastingPwr  ---   2   1   2   3   2 ---  10 Item Use Up         
        Perception  ---   1   1   1   3   4 ---  10 Capture Guru        
        Attack      --- --- ---   1 ---   1 ---   2 ---                 
        Sleep       ---  -1  -2  -1  -1  -1 ---  -6 ---                 
================================================================================
Set # :    3
================================================================================
Alloy Set (Gun)                         High Rank   Gunner      
--------------------------------------------------------------------------------
Weapon                                  ---                                   
Alloy Cap                               OO-                                   
Alloy Vest                              O--                                   
Alloy Guards                            O--                                   
Alloy Coat                              O--                                   
Alloy Leggings                          ---                                   
CHARM:                                  ---                                   
--------------------------------------------------------------------------------
                    WEP HEA CHE ARM WAI LEG CHA TOT
Defense             ---  34  34  34  34  34 --- 170
Resist: Fire        ---   1   1   1   1   1 ---   5
        Water       ---   6   1   1   1   1 ---  10
        Ice         ---  -1  -1  -1  -1  -1 ---  -5
        Thunder     ---  -2  -2  -2  -2  -2 --- -10
        Dragon      ---  -1  -1  -1  -1  -1 ---  -5
--------------------------------------------------------------------------------
Skills: Torso Up    --- --- --- --- ---   E --- --- 
        Expert      ---   1   6   2   3 --- ---  12 Critical Eye +1     
        SpeedSetup  ---   2   2   3   3 --- ---  10 Trap Master         
        Normal S+   ---   3   4   2   1 --- ---  10 NormalS All Up      
        Oxygen      ---  -1  -2  -2  -2 --- ---  -7 ---                 
================================================================================
Set # :    4
================================================================================
Jaggi Set (Gun)                         High Rank   Gunner      
--------------------------------------------------------------------------------
Weapon                                  ---                                   
Jaggi Cap                               O--                                   
Jaggi Vest                              O--                                   
Jaggi Guards                            OO-                                   
Jaggi Coat                              O--                                   
Jaggi Leggings                          O--                                   
CHARM:                                  ---                                   
--------------------------------------------------------------------------------
                    WEP HEA CHE ARM WAI LEG CHA TOT
Defense             ---  36  36  36  36  36 --- 180
Resist: Fire        ---  -3  -3  -3  -3  -3 --- -15
        Water       ---  -1  -1  -1  -1  -1 ---  -5
        Ice         ---  -1  -1  -1  -1  -1 ---  -5
        Thunder     ---  -1  -1  -1  -1  -1 ---  -5
        Dragon      ---   6   1   1   1   1 ---  10
--------------------------------------------------------------------------------
Skills: Stun        ---   1   2   2   3   3 ---  11 Halve Stun          
        Attack      ---   4   2   1   1   3 ---  11 Attack Up (S)       
        Gluttony    ---   3   1   1   4   1 ---  10 Scavenger           
        Cold Res    ---  -1  -2  -3  -1  -2 ---  -9 ---                 
================================================================================
Set # :    5
================================================================================
Bnahabra (Gun)                          High Rank   Gunner      
--------------------------------------------------------------------------------
Weapon                                  ---                                   
-----                                   
Bnahabra vest                           ---                                   
-----                                   
Bnahabra Coat                           ---                                   
Bnahabra Leggings                       ---                                   
CHARM:                                  ---                                   
--------------------------------------------------------------------------------
                    WEP HEA CHE ARM WAI LEG CHA TOT
Defense             ---   0  36   0  36  36 --- 108
Resist: Fire        ---   0  -4   0  -4  -4 --- -12
        Water       ---   0  -1   0  -1  -1 ---  -3
        Ice         ---   0  -1   0  -1  -1 ---  -3
        Thunder     ---   0   2   0   2   2 ---   6
        Dragon      ---   0   5   0   5   5 ---  15
--------------------------------------------------------------------------------
Skills: Status      --- ---   4 ---   3   4 ---  11 Status Atk Up       
        Reload Spd  --- ---   3 ---   3   4 ---  10 Reload Speed +1     
        Poison      --- ---  -2 ---  -5  -3 --- -10 Double Poison       
================================================================================
Set # :    6
================================================================================
Rhenoplos Set (Gun)                     High Rank   Gunner      
--------------------------------------------------------------------------------
Weapon                                  ---                                   
Rhenoplos Cap                           O--                                   
Rhenoplos Vest                          O--                                   
Rhenoplos Guards                        OO-                                   
Rhenoplos Coat                          O--                                   
Rhenoplos Leggings                      O--                                   
CHARM:                                  ---                                   
--------------------------------------------------------------------------------
                    WEP HEA CHE ARM WAI LEG CHA TOT
Defense             ---  36  36  36  36  36 --- 180
Resist: Fire        ---   7   2   2   2   2 ---  15
        Water       ---   4  -1  -1  -1  -1 ---   0
        Ice         ---   4  -1  -1  -1  -1 ---   0
        Thunder     ---  -1  -1  -1  -1  -1 ---  -5
        Dragon      ---   2   2   2   2   2 ---  10
--------------------------------------------------------------------------------
Skills: Eating      ---   1   2   1   3   4 ---  11 Speed Eating +1     
        Recoil      ---   3   2   2   3   1 ---  11 Recoil Down +1      
        Crag S+     ---   3   1   3   1   2 ---  10 Crag S Lv1 Up       
        Attack      ---   1   1 ---   1 --- ---   3 ---                 
        ThunderRes  ---  -1  -1  -1  -1  -2 ---  -6 ---                 
================================================================================
Set # :    7
================================================================================
Qurupeco Set (Gun)                      High Rank   Gunner      
--------------------------------------------------------------------------------
Weapon                                  ---                                   
Qurupeco Cap                            O--                                   
Qurupeco Vest                           O--                                   
Qurupeco Guards                         O--                                   
Qurupeco Coat                           O--                                   
Qurupeco Leggings                       O--                                   
CHARM:                                  ---                                   
--------------------------------------------------------------------------------
                    WEP HEA CHE ARM WAI LEG CHA TOT
Defense             ---  36  36  36  36  36 --- 180
Resist: Fire        ---   7   2   2   2   2 ---  15
        Water       ---  -2  -2  -2  -2  -2 --- -10
        Ice         ---  -3  -3  -3  -3  -3 --- -15
        Thunder     ---   0   0   0   0   0 ---   0
        Dragon      ---   1   1   1   1   1 ---   5
--------------------------------------------------------------------------------
Skills: Defense     ---   3   1   1   2   4 ---  11 Defense Up (S)      
        Evasion     ---   2   2   3   1   2 ---  10 Evasion +1          
        Rec Level   ---   3   2   2   1   2 ---  10 Recovery Up         
        Attack      --- --- ---   1   2 --- ---   3 ---                 
        Ice Res     ---  -1  -2  -1  -3  -1 ---  -8 ---                 
================================================================================
Set # :    8
================================================================================
Ludroth Set (Gun)                       High Rank   Gunner      
--------------------------------------------------------------------------------
Weapon                                  ---                                   
Ludroth Cap                             O--                                   
Ludroth Vest                            O--                                   
Ludroth Guards                          O--                                   
Ludroth Coat                            O--                                   
Ludroth Leggings                        O--                                   
CHARM:                                  ---                                   
--------------------------------------------------------------------------------
                    WEP HEA CHE ARM WAI LEG CHA TOT
Defense             ---  38  38  38  38  38 --- 190
Resist: Fire        ---  -3  -3  -3  -3  -3 --- -15
        Water       ---   7   2   2   2   2 ---  15
        Ice         ---   0   0   0   0   0 ---   0
        Thunder     ---  -1  -1  -1  -1  -1 ---  -5
        Dragon      ---   1   1   1   1   1 ---   5
--------------------------------------------------------------------------------
Skills: Pellet S+   ---   2   1   3   3   2 ---  11 PelletS Lv1 Up      
        Constitutn  ---   3   1   3   1   2 ---  10 Constitution +1     
        Protection  ---   2   2   1   3   2 ---  10 Divine Blessing     
        Attack      --- ---   2 --- ---   2 ---   4 ---                 
        Fire Res    ---  -2  -1  -2  -2  -1 ---  -8 ---                 
================================================================================
Set # :    9
================================================================================
Baggi Set (Gun)                         High Rank   Gunner      
--------------------------------------------------------------------------------
Weapon                                  ---                                   
Baggi Cap                               ---                                   
Baggi Vest                              OO-                                   
Baggi Guards                            O--                                   
Baggi Coat                              O--                                   
Baggi Leggings                          O--                                   
CHARM:                                  ---                                   
--------------------------------------------------------------------------------
                    WEP HEA CHE ARM WAI LEG CHA TOT
Defense             ---  38  38  38  38  38 --- 190
Resist: Fire        ---  -3  -3  -3  -3  -3 --- -15
        Water       ---  -1  -1  -1  -1  -1 ---  -5
        Ice         ---   8   3   3   3   3 ---  20
        Thunder     ---  -1  -1  -1  -1  -1 ---  -5
        Dragon      ---   1   1   1   1   1 ---   5
--------------------------------------------------------------------------------
Skills: Tranquilzr  ---   2   1   4   4   4 ---  15 Capture Expert      
        PelletS Up  ---   3   1   2   2   2 ---  10 PelletS Boost       
        Ice Res     ---   3   1   2   2   2 ---  10 Ice Res +10         
        Attack      ---   1   1 --- --- --- ---   2 ---                 
        Stun        ---  -2  -1  -1  -1  -1 ---  -6 ---                 
================================================================================
Set # :   10
================================================================================
Barroth Set (Gun)                       High Rank   Gunner      
--------------------------------------------------------------------------------
Weapon                                  ---                                   
Barroth Cap                             O--                                   
Barroth Vest                            ---                                   
Barroth Guards                          O--                                   
Barroth Coat                            O--                                   
Barroth Leggings                        O--                                   
CHARM:                                  ---                                   
--------------------------------------------------------------------------------
                    WEP HEA CHE ARM WAI LEG CHA TOT
Defense             ---  40  40  40  40  40 --- 200
Resist: Fire        ---   5  -4  -4   4   4 ---   5
        Water       ---   5   4   4  -4  -4 ---   5
        Ice         ---  -3  -3  -3  -3  -3 --- -15
        Thunder     ---   3   3   3   3   3 ---  15
        Dragon      ---   0   0   0   0   0 ---   0
--------------------------------------------------------------------------------
Skills: Attack      ---   4   3   4   1   1 ---  13 Attack Up (S)       
        Stamina     ---   2   1   1   3   4 ---  11 Marathon Runner     
        Potential   ---   1   2   3   3   2 ---  11 Adrenaline +1       
        Expert      ---  -2  -3  -1  -2  -2 --- -10 Critical Eye -1     
================================================================================
Set # :   11
================================================================================
Gobul Set (Gun)                         High Rank   Gunner      
--------------------------------------------------------------------------------
Weapon                                  ---                                   
Gobul Cap                               OO-                                   
Gobul Vest                              ---                                   
Gobul Guards                            OO-                                   
Gobul Coat                              ---                                   
Gobul Leggings                          O--                                   
CHARM:                                  ---                                   
--------------------------------------------------------------------------------
                    WEP HEA CHE ARM WAI LEG CHA TOT
Defense             ---  42  42  42  42  42 --- 210
Resist: Fire        ---  -2  -2  -2  -2  -2 --- -10
        Water       ---   8   3   3   3   3 ---  20
        Ice         ---   0   0   0   0   0 ---   0
        Thunder     ---  -3  -3  -3  -3  -3 --- -15
        Dragon      ---   2   2   2   2   2 ---  10
--------------------------------------------------------------------------------
Skills: Eating      ---   4   2   2   4   3 ---  15 Speed Eating +2     
        Water Res   ---   1   3   3   2   1 ---  10 Water Res +10       
        Stun        ---   1   1   1   4   3 ---  10 Halve Stun          
        Attack      --- ---   1 --- ---   1 ---   2 ---                 
        Rec Speed   ---  -1  -2  -1  -1  -1 ---  -6 ---                 
================================================================================
Set # :   12
================================================================================
Rathian Set (Gun)                       High Rank   Gunner      
--------------------------------------------------------------------------------
Weapon                                  ---                                   
Rathian Cap                             O--                                   
Rathian Vest                            O--                                   
Rathian Guards                          OO-                                   
Rathian Coat                            O--                                   
Rathian Leggings                        OO-                                   
CHARM:                                  ---                                   
--------------------------------------------------------------------------------
                    WEP HEA CHE ARM WAI LEG CHA TOT
Defense             ---  42  42  42  42  42 --- 210
Resist: Fire        ---   8   3   3   3   3 ---  20
        Water       ---   0   0   0   0   0 ---   0
        Ice         ---   0   0   0   0   0 ---   0
        Thunder     ---  -2  -2  -2  -2  -2 --- -10
        Dragon      ---  -4  -4  -4  -4  -4 --- -20
--------------------------------------------------------------------------------
Skills: Fire Res    ---   5   2   1   2   3 ---  13 Fire Res +10        
        Health      ---   2   2   2   3   1 ---  10 Health +20          
        Hearing     ---   1   1   1   3   2 ---   8 ---                 
        Protection  ---  -1  -2  -3  -1  -1 ---  -8 ---                 
================================================================================
Set # :   13
================================================================================
Gigginox Set (Gun)                      High Rank   Gunner      
--------------------------------------------------------------------------------
Weapon                                  ---                                   
Gigginox Cap                            O--                                   
Gigginox Vest                           ---                                   
Gigginox Guards                         OO-                                   
Gigginox Coat                           O--                                   
Gigginox Leggings                       O--                                   
CHARM:                                  ---                                   
--------------------------------------------------------------------------------
                    WEP HEA CHE ARM WAI LEG CHA TOT
Defense             ---  44  44  44  44  44 --- 220
Resist: Fire        ---  -4  -4  -4  -4  -4 --- -20
        Water       ---   0   0   0   0   0 ---   0
        Ice         ---   2   2   2   2   2 ---  10
        Thunder     ---   7   2   2   2   2 ---  15
        Dragon      ---  -1  -1  -1  -1  -1 ---  -5
--------------------------------------------------------------------------------
Skills: Constitutn  ---   4   3   2   4   2 ---  15 Constitution +2     
        Poison      ---   2   3   1   1   3 ---  10 Negate Posion       
        Status      ---   2   1   2   2   3 ---  10 Status Atk Up       
        Health      ---  -1  -2  -2  -2  -1 ---  -8 ---                 
================================================================================
Set # :   14
================================================================================
Ingot Set (Gun)                         High Rank   Gunner      
--------------------------------------------------------------------------------
Weapon                                  ---                                   
Ingot Cap                               O--                                   
Ingot Vest                              O--                                   
Ingot Guards                            O--                                   
Ingot Coat                              O--                                   
Ingot Leggings                          O--                                   
CHARM:                                  ---                                   
--------------------------------------------------------------------------------
                    WEP HEA CHE ARM WAI LEG CHA TOT
Defense             ---  42  42  42  42  42 --- 210
Resist: Fire        ---  -2  -2  -2  -2  -2 --- -10
        Water       ---  -1  -1  -1  -1  -1 ---  -5
        Ice         ---   1   1   1   1   1 ---   5
        Thunder     ---   3   3   3   3   3 ---  15
        Dragon      ---   6   1   1   1   1 ---  10
--------------------------------------------------------------------------------
Skills: Recoil      ---   4   3   5   1   2 ---  15 Recoil Down +2      
        Guard Up    ---   2   1   1   3   3 ---  10 Guard Boost         
        ThunderRes  ---   1   1   2   3   3 ---  10 Thunder Res +10     
        Reload Spd  ---  -2  -2  -1  -2  -1 ---  -8 ---                 
================================================================================
Set # :   15
================================================================================
Lagiacrus Set (Gun)                     High Rank   Gunner      
--------------------------------------------------------------------------------
Weapon                                  ---                                   
Lagiacrus Cap                           OO-                                   
Lagiacrus Vest                          O--                                   
Lagiacrus Guards                        OO-                                   
Lagiacrus Coat                          OO-                                   
Lagiacrus Leggings                      OO-                                   
CHARM:                                  ---                                   
--------------------------------------------------------------------------------
                    WEP HEA CHE ARM WAI LEG CHA TOT
Defense             ---  44  44  44  44  44 --- 220
Resist: Fire        ---  -3  -3  -3  -3  -3 --- -15
        Water       ---   2   2   2   2   2 ---  10
        Ice         ---  -1  -1  -1  -1  -1 ---  -5
        Thunder     ---   9   4   4   4   4 ---  25
        Dragon      ---  -2  -2  -2  -2  -2 --- -10
--------------------------------------------------------------------------------
Skills: NormalS Up  ---   2   1   3   2   2 ---  10 NormalS Boost       
        Elemental   ---   1   3   2   1   3 ---  10 Elemental Atk Up    
        Swimming    ---   3   1   2   3   1 ---  10 Olympic Swimmer     
        Status      ---  -2  -3  -1  -2  -2 --- -10 Status Atk Down     
================================================================================
Set # :   16
================================================================================
Rathalos Set (Gun)                      High Rank   Gunner      
--------------------------------------------------------------------------------
Weapon                                  ---                                   
Rathalos Cap                            O--                                   
Rathalos Vest                           O--                                   
Rathalos Guards                         ---                                   
Rathalos Coat                           ---                                   
Rathalos Leggings                       OO-                                   
CHARM:                                  ---                                   
--------------------------------------------------------------------------------
                    WEP HEA CHE ARM WAI LEG CHA TOT
Defense             ---  44  44  44  44  44 --- 220
Resist: Fire        ---   8   3   3   3   3 ---  20
        Water       ---   0   0   0   0   0 ---   0
        Ice         ---   0   0   0   0   0 ---   0
        Thunder     ---  -2  -2  -2  -2  -2 --- -10
        Dragon      ---  -4  -4  -4  -4  -4 --- -20
--------------------------------------------------------------------------------
Skills: Attack      ---   2   2   5   4   2 ---  15 Attack Up (M)       
        Expert      ---   2   1   2   3   2 ---  10 Critical Eye +1     
        Heat Res    ---   3   2   1   2   2 ---  10 Heat Cancel (Lo)    
        Defense     ---  -2  -2  -3  -2  -1 --- -10 Defense Down (S)    
================================================================================
Set # :   17
================================================================================
Barioth Set (Gun)                       High Rank   Gunner      
--------------------------------------------------------------------------------
Weapon                                  ---                                   
Barioth Cap                             O--                                   
Barioth Vest                            O--                                   
Barioth Guards                          ---                                   
Barioth Coat                            ---                                   
Barioth Leggings                        OO-                                   
CHARM:                                  ---                                   
--------------------------------------------------------------------------------
                    WEP HEA CHE ARM WAI LEG CHA TOT
Defense             ---  44  44  44  44  44 --- 220
Resist: Fire        ---  -4  -4  -4  -4  -4 --- -20
        Water       ---   2   2   2   2   2 ---  10
        Ice         ---   9   4   4   4   4 ---  25
        Thunder     ---  -3  -3  -3  -3  -3 --- -15
        Dragon      ---   0   0   0   0   0 ---   0
--------------------------------------------------------------------------------
Skills: Evasion     ---   1   2   5   5   2 ---  15 Evasion +2          
        Cold Res    ---   5   1   1   1   2 ---  10 Cold Cancel (Lo)    
        Stamina     ---   1   2   3   3   1 ---  10 Marathon Runner     
        Heat Res    ---  -2  -2  -2  -2  -2 --- -10 Heat Surge (Lo)     
================================================================================
Set # :   18
================================================================================
Diablos Set (Gun)                       High Rank   Gunner      
--------------------------------------------------------------------------------
Weapon                                  ---                                   
Diablos Cap                             O--                                   
Diablos Vest                            ---                                   
Diablos Guards                          ---                                   
-----                                   
-----                                   
CHARM:                                  ---                                   
--------------------------------------------------------------------------------
                    WEP HEA CHE ARM WAI LEG CHA TOT
Defense             ---  45  45  45   0   0 --- 135
Resist: Fire        ---   2   2   2   0   0 ---   6
        Water       ---   2  -1  -1   0   0 ---   0
        Ice         ---  -3  -3  -3   0   0 ---  -9
        Thunder     ---   2  -1  -1   0   0 ---   0
        Dragon      ---   2  -1  -1   0   0 ---   0
--------------------------------------------------------------------------------
Skills: PierceS Up  ---   4   3   3 --- --- ---  10 PierceS Boost       
        Pierce S+   ---   2   3   5 --- --- ---  10 PierceS Lv1 Up      
        Elemental   ---  -3  -4  -3 --- --- --- -10 Elemental Atk Down  
================================================================================
Set # :   19
================================================================================
Uragaan Set (Gun)                       High Rank   Gunner      
--------------------------------------------------------------------------------
Weapon                                  ---                                   
Uragaan Cap                             O--                                   
Uragaan Vest                            ---                                   
Uragaan Guards                          O--                                   
Uragaan Coat                            O--                                   
Uragaan Leggings                        ---                                   
CHARM:                                  ---                                   
--------------------------------------------------------------------------------
                    WEP HEA CHE ARM WAI LEG CHA TOT
Defense             ---  45  45  45  45  45 --- 225
Resist: Fire        ---   8   3   3   3   3 ---  20
        Water       ---  -4  -4  -4  -4  -4 --- -20
        Ice         ---  -1  -1  -1  -1  -1 ---  -5
        Thunder     ---   1   1   1   1   1 ---   5
        Dragon      ---  -2  -2  -2  -2  -2 --- -10
--------------------------------------------------------------------------------
Skills: Torso Up    --- --- --- --- ---   E --- --- 
        Recoil      ---   3   8   2   2 --- ---  15 Recoil Down +2      
        Defense     ---   3   4   2   2 --- ---  11 Defense Up (S)      
        Bomb Boost  ---   2   4   2   2 --- ---  10 Bombardier          
        Eating      ---  -1  -2  -3  -3 --- ---  -9 ---                 
================================================================================
Set # :   20
================================================================================
Agnaktor Set (Gun)                      High Rank   Gunner      
--------------------------------------------------------------------------------
Weapon                                  ---                                   
Agnaktor Cap                            ---                                   
Agnaktor Vest                           O--                                   
Agnaktor Guards                         O--                                   
Agnaktor Coat                           OO-                                   
Agnaktor Leggings                       ---                                   
CHARM:                                  ---                                   
--------------------------------------------------------------------------------
                    WEP HEA CHE ARM WAI LEG CHA TOT
Defense             ---  45  45  45  45  45 --- 225
Resist: Fire        ---   9   4   4   4   4 ---  25
        Water       ---  -4  -4  -4  -4  -4 --- -20
        Ice         ---  -2  -2  -2  -2  -2 --- -10
        Thunder     ---   1   1   1   1   1 ---   5
        Dragon      ---   0   0   0   0   0 ---   0
--------------------------------------------------------------------------------
Skills: Reload Spd  ---   4   3   2   2   4 ---  15 Reload Speed +2     
        Flame Aura  ---   3   1   2   1   3 ---  10 Flaming Aura        
        Guard Up    ---   3   1   2   2   2 ---  10 Guard Boost         
        Stamina     ---  -1  -2  -3  -2  -2 --- -10 Short Sprinter      
================================================================================
Set # :   21
================================================================================
Helios/Selne Set (Gun)                  High Rank   Gunner      
--------------------------------------------------------------------------------
Weapon                                  ---                                   
Helios Cap/Selene Cap                   ---                                   
Helios Vest/Selene Vest                 ---                                   
Helios Guards/Selene Guards             O--                                   
Helios Coat/Selene Coat                 ---                                   
Helios Leggings/Selene Leggings         ---                                   
CHARM:                                  ---                                   
--------------------------------------------------------------------------------
                    WEP HEA CHE ARM WAI LEG CHA TOT
Defense             ---  47  47  47  47  47 --- 235
Resist: Fire        ---   0   0   0   0   0 ---   0
        Water       ---   9   4   4   4   4 ---  25
        Ice         ---   3   3   3   3   3 ---  15
        Thunder     ---  -3  -3  -3  -3  -3 --- -15
        Dragon      ---  -4  -4  -4  -4  -4 --- -20
--------------------------------------------------------------------------------
Skills: Loading     ---   2   2   3   3   5 ---  15 Load Up             
        Hearing     ---   3   2   2   5   3 ---  15 HG Earplugs         
        Protection  ---  -4  -2  -1  -1  -2 --- -10 Demonic Blessing    
        Recoil      ---  -2  -3  -3  -2  -1 --- -11 Recoil Down -1      
================================================================================
Set # :   22
================================================================================
Mutsu/Amagi Set (Gun)                   High Rank   Gunner      
--------------------------------------------------------------------------------
Weapon                                  ---                                   
Mutsu Eboshi/Amagi Hachigane            O--                                   
Mutsu Muneate/Amagi Muneate             O--                                   
Mutsu Kote/Amagi Kote                   OO-                                   
Mutsu Koshiate/Amagi Koshiate           O--                                   
Mutsu Gosuku/Amagi Hakama               O--                                   
CHARM:                                  ---                                   
--------------------------------------------------------------------------------
                    WEP HEA CHE ARM WAI LEG CHA TOT
Defense             ---  47  47  47  47  47 --- 235
Resist: Fire        ---   3   3   3   3   3 ---  15
        Water       ---  10   0   0   0   0 ---  10
        Ice         ---  -3  -3  -3  -3  -3 --- -15
        Thunder     ---  10   0   0   0   0 ---  10
        Dragon      ---  -3  -3  -3  -3  -3 --- -15
--------------------------------------------------------------------------------
Skills: Clust S+    ---   3   1   3   1   2 ---  10 Clust S Lv1 Up      
        Recoil      ---   1   1   1   4   3 ---  10 Recoil Down +1      
        Rec Speed   ---   2   3   1   1   3 ---  10 Recovery Spd +1     
        Combo Rate  ---  -3  -2  -2  -3  -1 --- -11 Combination -5%     
================================================================================
Set # :   23
================================================================================
Guild bard/Scholar Set (Gun)            High Rank   Gunner      
--------------------------------------------------------------------------------
Weapon                                  ---                                   
Guild Bard Hat/Scholar's Cap            ---                                   
Guild Bard Vest/Scholar's Vest          ---                                   
Guild Bard Sleeves/Scholar's Sleeves    ---                                   
Guild Bard Coat/Scholar's Mini          ---                                   
Guild Bard Gaiters/Scholar's Sandals    ---                                   
CHARM:                                  ---                                   
--------------------------------------------------------------------------------
                    WEP HEA CHE ARM WAI LEG CHA TOT
Defense             ---  40  40  40  40  40 --- 200
Resist: Fire        --- -10   0   0   0   0 --- -10
        Water       ---  10   0   0   0   0 ---  10
        Ice         --- -10   0   0   0   0 --- -10
        Thunder     ---   5   0   0   0   0 ---   5
        Dragon      ---  10   0   0   0   0 ---  10
--------------------------------------------------------------------------------
Skills: Torso Up    --- --- --- --- ---   E --- --- 
        Psychic     ---   3   4   4   4 --- ---  15 Autotracker         
        Evasion     ---   4   6   2   3 --- ---  15 Evasion +2          
        Fate        ---   3   4   1   2 --- ---  10 Good Luck           
        Sense       ---  -1  -4  -4  -2 --- --- -11 Taunt               
================================================================================
Set # :   24
================================================================================
Archer Set (Gun)                        High Rank   Gunner      
--------------------------------------------------------------------------------
Weapon                                  ---                                   
Archer's Turban                         ---                                   
Archer's Girdle                         ---                                   
Archer's Gautlets                       ---                                   
Archer's Bandolier                      ---                                   
Archer's Espadrilles                    O--                                   
CHARM:                                  ---                                   
--------------------------------------------------------------------------------
                    WEP HEA CHE ARM WAI LEG CHA TOT
Defense             ---  40  40  40  40  40 --- 200
Resist: Fire        ---  10   0   0   0   0 ---  10
        Water       --- -10   0   0   0   0 --- -10
        Ice         ---   5   0   0   0   0 ---   5
        Thunder     --- -10   0   0   0   0 --- -10
        Dragon      ---  10   0   0   0   0 ---  10
--------------------------------------------------------------------------------
Skills: Wide-Range  ---   5   2   2   4   3 ---  16 Wide-Range +1       
        Carving     ---   4   1   4   3   3 ---  15 Carving Master      
        Spd Gather  ---   2   4   1   2   1 ---  10 Speed Gatherer      
        Fate        ---  -1  -3  -5  -3  -3 --- -15 Horrible Luck       
================================================================================
Set # :   25
================================================================================
Piscine+ Set (Gun)                      High Rank   Gunner      
--------------------------------------------------------------------------------
Weapon                                  ---                                   
Piscine Snorkel+                        ---                                   
-----                                   
-----                                   
Piscine Tank+                           O--                                   
Piscine Pants+                          O--                                   
CHARM:                                  ---                                   
--------------------------------------------------------------------------------
                    WEP HEA CHE ARM WAI LEG CHA TOT
Defense             ---  31   0   0  31  31 ---  93
Resist: Fire        ---  -3   0   0  -3  -3 ---  -9
        Water       ---  10   0   0   5   5 ---  20
        Ice         ---   2   0   0   2   2 ---   6
        Thunder     ---  -4   0   0  -4  -4 --- -12
        Dragon      ---   0   0   0   0   0 ---   0
--------------------------------------------------------------------------------
Skills: CurrentRes  ---   3 --- ---  11   1 ---  15 CurrentRes (Hi)     
        Oxygen      ---  10 --- --- --- --- ---  10 Oxygen Up           
        Swimming    --- --- --- --- ---  10 ---  10 Olympic Swimmer     
================================================================================
Set # :   26
================================================================================
Leather+ Set (Gun)                      High Rank   Gunner      
--------------------------------------------------------------------------------
Weapon                                  ---                                   
Leather Cap+                            OO-                                   
Leather Vest+                           O--                                   
Leather Guards+                         OO-                                   
Leather Coat+                           OO-                                   
Leather Leggings+                       OO-                                   
CHARM:                                  ---                                   
--------------------------------------------------------------------------------
                    WEP HEA CHE ARM WAI LEG CHA TOT
Defense             ---  31  31  31  31  31 --- 155
Resist: Fire        ---  -2  -2  -2  -2  -2 --- -10
        Water       ---   0   0   0   0   0 ---   0
        Ice         ---  -2  -2  -2  -2  -2 --- -10
        Thunder     ---   8   3   3   3   3 ---  20
        Dragon      ---   2   2   2   2   2 ---  10
--------------------------------------------------------------------------------
Skills: Whim        ---   6   1   2   4   2 ---  15 Divine Whim         
        Gathering   ---   1   5   4   2   3 ---  15 Gather +2           
        Spd Gather  ---   1   2   2   2   3 ---  10 Speed Gatherer      
================================================================================
Set # :   27
================================================================================
Chainmail+ Set (Gun)                    High Rank   Gunner      
--------------------------------------------------------------------------------
Weapon                                  ---                                   
Chainmail Cap+                          OO-                                   
Chainmail Vest+                         OO-                                   
Chainmail Guards+                       OO-                                   
Chainmail Coat+                         OO-                                   
Chainmail Leggings+                     OO-                                   
CHARM:                                  ---                                   
--------------------------------------------------------------------------------
                    WEP HEA CHE ARM WAI LEG CHA TOT
Defense             ---  32  32  32  32  32 --- 160
Resist: Fire        ---  -1  -1  -1  -1  -1 ---  -5
        Water       ---  -2  -2  -2  -2  -2 --- -10
        Ice         ---   9   4   4   4   4 ---  25
        Thunder     ---  -1  -1  -1  -1  -1 ---  -5
        Dragon      ---   1   1   1   1   1 ---   5
--------------------------------------------------------------------------------
Skills: Health      ---   3   2   5   3   2 ---  15 Health +50          
        Combo Rate  ---   4   4   2   1   4 ---  15 Combination +25%    
        Combo Plus  ---   2   1   1   4   2 ---  10 Combination Pro     
================================================================================
Set # :   28
================================================================================
Loc Lac+ Set (Gun)                      High Rank   Gunner      
--------------------------------------------------------------------------------
Weapon                                  ---                                   
-----                                   
Loc Lac Vest+                           ---                                   
-----                                   
Loc Lac Coat+                           ---                                   
Loc Lac Gaiters+                        O--                                   
CHARM:                                  ---                                   
--------------------------------------------------------------------------------
                    WEP HEA CHE ARM WAI LEG CHA TOT
Defense             ---   0  32   0  32  32 ---  96
Resist: Fire        ---   0   5   0   5   5 ---  15
        Water       ---   0  -4   0  -4  -4 --- -12
        Ice         ---   0  -5   0  -5  -5 --- -15
        Thunder     ---   0   2   0   2   2 ---   6
        Dragon      ---   0   0   0   0   0 ---   0
--------------------------------------------------------------------------------
Skills: Heat Res    --- ---   6 ---   5   4 ---  15 Heat Cancel (Hi)    
        Rec Speed   --- ---   2 ---   6   2 ---  10 Recovery Spd +1     
        Transportr  --- ---   3 ---   2   5 ---  10 Pro Transporter     
================================================================================
Set # :   29
================================================================================
Hunter+ Set (Gun)                       High Rank   Gunner      
--------------------------------------------------------------------------------
Weapon                                  ---                                   
Hunter's Cap+                           OO-                                   
Hunter's Vest+                          O--                                   
Hunter's Guards+                        OO-                                   
Hunter's Coat+                          OO-                                   
Hunter's Leggings+                      OO-                                   
CHARM:                                  ---                                   
--------------------------------------------------------------------------------
                    WEP HEA CHE ARM WAI LEG CHA TOT
Defense             ---  32  32  32  32  32 --- 160
Resist: Fire        ---   5   0   0   0   0 ---   5
        Water       ---  -2  -2  -2  -2  -2 --- -10
        Ice         ---   5   0   0   0   0 ---   5
        Thunder     ---   5   0   0   0   0 ---   5
        Dragon      ---   5   0   0   0   0 ---   5
--------------------------------------------------------------------------------
Skills: Psychic     ---   4   5   1   4   1 ---  15 Autotracker         
        Map         ---   2   1   3   1   3 ---  10 Farsight            
        Evasion     ---   2   1   2   2   3 ---  10 Evasion +1          
        Expert      --- ---   1   2 --- --- ---   3 ---                 
        Water Res   ---  -1  -1  -1  -2  -2 ---  -7 ---                 
================================================================================
Set # :   30
================================================================================
Bone+ Set (Gun)                         High Rank   Gunner      
--------------------------------------------------------------------------------
Weapon                                  ---                                   
Bone Cap+                               OO-                                   
Bone Vest+                              O--                                   
Bone Guards+                            OO-                                   
Bone Coat+                              OO-                                   
Bone Leggings+                          OO-                                   
CHARM:                                  ---                                   
--------------------------------------------------------------------------------
                    WEP HEA CHE ARM WAI LEG CHA TOT
Defense             ---  34  34  34  34  34 --- 170
Resist: Fire        ---   8   3   3   3   3 ---  20
        Water       ---  -2  -2  -2  -2  -2 --- -10
        Ice         ---  -1  -1  -1  -1  -1 ---  -5
        Thunder     ---   2   2   2   2   2 ---  10
        Dragon      ---   3   3   3   3   3 ---  15
--------------------------------------------------------------------------------
Skills: Hunger      ---   3   2   4   4   2 ---  15 Negate Hunger       
        Stamina     ---   1   2   3   1   3 ---  10 Marathon Runner     
        Perception  ---   2   2   1   3   2 ---  10 Capture Guru        
        Expert      ---   2   2 --- --- --- ---   4 ---                 
        Sleep       ---  -1  -1  -1  -1  -2 ---  -6 ---                 
================================================================================
Set # :   31
================================================================================
Alloy+ Set (Gun)                        High Rank   Gunner      
--------------------------------------------------------------------------------
Weapon                                  ---                                   
Alloy Cap+                              OO-                                   
Alloy Vest+                             OO-                                   
Alloy Guards+                           OO-                                   
Alloy Coat+                             OO-                                   
Alloy Leggings+                         ---                                   
CHARM:                                  ---                                   
--------------------------------------------------------------------------------
                    WEP HEA CHE ARM WAI LEG CHA TOT
Defense             ---  34  34  34  34  34 --- 170
Resist: Fire        ---   1   1   1   1   1 ---   5
        Water       ---   7   2   2   2   2 ---  15
        Ice         ---  -1  -1  -1  -1  -1 ---  -5
        Thunder     ---  -2  -2  -2  -2  -2 --- -10
        Dragon      ---  -1  -1  -1  -1  -1 ---  -5
--------------------------------------------------------------------------------
Skills: Torso Up    --- --- --- --- ---   E --- --- 
        Expert      ---   3   6   4   2 --- ---  15 Critical Eye +2     
        SpeedSetup  ---   3   2   3   2 --- ---  10 Trap Master         
        Normal S+   ---   2   4   1   3 --- ---  10 NormalS All Up      
        Oxygen      ---  -1  -2  -1  -2 --- ---  -6 ---                 
================================================================================
Set # :   32
================================================================================
Jaggi+ Set (Gun)                        High Rank   Gunner      
--------------------------------------------------------------------------------
Weapon                                  ---                                   
Jaggi Cap+                              O--                                   
Jaggi Vest+                             ---                                   
Jaggi Guards+                           O--                                   
Jaggi Coat+                             OO-                                   
Jaggi Leggings+                         OO-                                   
CHARM:                                  ---                                   
--------------------------------------------------------------------------------
                    WEP HEA CHE ARM WAI LEG CHA TOT
Defense             ---  36  36  36  36  36 --- 180
Resist: Fire        ---  -3  -3  -3  -3  -3 --- -15
        Water       ---  -1  -1  -1  -1  -1 ---  -5
        Ice         ---  -1  -1  -1  -1  -1 ---  -5
        Thunder     ---  -1  -1  -1  -1  -1 ---  -5
        Dragon      ---   7   2   2   2   2 ---  15
--------------------------------------------------------------------------------
Skills: Attack      ---   5   5   1   2   2 ---  15 Attack Up (M)       
        Stun        ---   3   1   5   4   2 ---  15 Negate Stun         
        Gluttony    ---   2   2   3   1   2 ---  10 Scavenger           
        Expert      --- ---   2 --- ---   2 ---   4 ---                 
        Cold Res    ---  -1  -1  -2  -2  -1 ---  -7 ---                 
================================================================================
Set # :   33
================================================================================
Bnahabra+ Set (Gun)                     High Rank   Gunner      
--------------------------------------------------------------------------------
Weapon                                  ---                                   
-----                                   
Bnahabra vest+                          O--                                   
-----                                   
Bnahabra Coat+                          O--                                   
Bnahabra Leggings+                      O--                                   
CHARM:                                  ---                                   
--------------------------------------------------------------------------------
                    WEP HEA CHE ARM WAI LEG CHA TOT
Defense             ---   0  36   0  36  36 --- 108
Resist: Fire        ---   0  -5   0  -5  -5 --- -15
        Water       ---   0   0   0   0   0 ---   0
        Ice         ---   0   0   0   0   0 ---   0
        Thunder     ---   0   2   0   2   2 ---   6
        Dragon      ---   0   6   0   6   6 ---  18
--------------------------------------------------------------------------------
Skills: Reload Spd  --- ---   1 ---   4   6 ---  11 Reload Speed +1     
        Status      --- ---   3 ---   5   2 ---  10 Status Atk Up       
        Poison      --- ---  -5 ---  -2  -3 --- -10 Double Poison       
================================================================================
Set # :   34
================================================================================
Rhenoplos+ Set (Gun)                    High Rank   Gunner      
--------------------------------------------------------------------------------
Weapon                                  ---                                   
Rhenoplos Cap+                          OO-                                   
Rhenoplos Vest+                         O--                                   
Rhenoplos Guards+                       OO-                                   
Rhenoplos Coat+                         OO-                                   
Rhenoplos Leggings+                     OO-                                   
CHARM:                                  ---                                   
--------------------------------------------------------------------------------
                    WEP HEA CHE ARM WAI LEG CHA TOT
Defense             ---  36  36  36  36  36 --- 180
Resist: Fire        ---   8   3   3   3   3 ---  20
        Water       ---   4  -1  -1  -1  -1 ---   0
        Ice         ---   4  -1  -1  -1  -1 ---   0
        Thunder     ---  -2  -2  -2  -2  -2 --- -10
        Dragon      ---   2   2   2   2   2 ---  10
--------------------------------------------------------------------------------
Skills: Recoil      ---   1   4   2   5   3 ---  15 Recoil Down +2      
        Crag S+     ---   3   1   1   2   3 ---  10 Crag S Lv1 Up       
        Eating      ---   3   1   3   1   2 ---  10 Speed Eating +1     
        Expert      ---   1   2   1 --- --- ---   4 ---                 
        ThunderRes  ---  -1  -1  -2  -1  -1 ---  -6 ---                 
================================================================================
Set # :   35
================================================================================
Qurupeco+ Set (Gun)                     High Rank   Gunner      
--------------------------------------------------------------------------------
Weapon                                  ---                                   
Qurupeco Cap+                           O--                                   
Qurupeco Vest+                          O--                                   
Qurupeco Guards+                        ---                                   
Qurupeco Coat+                          O--                                   
Qurupeco Leggings+                      OOO                                   
CHARM:                                  ---                                   
--------------------------------------------------------------------------------
                    WEP HEA CHE ARM WAI LEG CHA TOT
Defense             ---  36  36  36  36  36 --- 180
Resist: Fire        ---   9   4   4   4   4 ---  25
        Water       ---  -3  -3  -3  -3  -3 --- -15
        Ice         ---  -4  -4  -4  -4  -4 --- -20
        Thunder     ---   0   0   0   0   0 ---   0
        Dragon      ---   1   1   1   1   1 ---   5
--------------------------------------------------------------------------------
Skills: Wide-Range  ---   5   4   6   4   1 ---  20 Wide-Range +2       
        Defense     ---   1   1   4   2   2 ---  10 Defense Up (S)      
        Rec Level   ---   3   1   2   3   1 ---  10 Recovery Up         
        Expert      ---   1   1 ---   1 --- ---   3 ---                 
        Ice Res     ---  -1  -2  -1  -1  -3 ---  -8 ---                 
================================================================================
Set # :   36
================================================================================
Ludroth+ Set (Gun)                      High Rank   Gunner      
--------------------------------------------------------------------------------
Weapon                                  ---                                   
Ludroth Cap+                            O--                                   
Ludroth Vest+                           O--                                   
Ludroth Guards+                         O--                                   
Ludroth Coat+                           OOO                                   
Ludroth Leggings+                       OO-                                   
CHARM:                                  ---                                   
--------------------------------------------------------------------------------
                    WEP HEA CHE ARM WAI LEG CHA TOT
Defense             ---  38  38  38  38  38 --- 190
Resist: Fire        ---  -4  -4  -4  -4  -4 --- -20
        Water       ---   9   4   4   4   4 ---  25
        Ice         ---   0   0   0   0   0 ---   0
        Thunder     ---  -1  -1  -1  -1  -1 ---  -5
        Dragon      ---   1   1   1   1   1 ---   5
--------------------------------------------------------------------------------
Skills: Constitutn  ---   4   4   3   2   2 ---  15 Constitution +2     
        Pellet S+   ---   4   1   1   1   3 ---  10 PelletS Lv1 Up      
        Protection  ---   1   1   4   1   3 ---  10 Divine Blessing     
        Expert      ---   1   1   2 --- --- ---   4 ---                 
        Hunger      ---  -1  -2  -1  -3  -1 ---  -8 ---                 
================================================================================
Set # :   37
================================================================================
Baggi+ Set (Gun)                        High Rank   Gunner      
--------------------------------------------------------------------------------
Weapon                                  ---                                   
Baggi Cap+                              OOO                                   
Baggi Vest+                             ---                                   
Baggi Guards+                           O--                                   
Baggi Coat+                             OO-                                   
Baggi Leggings+                         ---                                   
CHARM:                                  ---                                   
--------------------------------------------------------------------------------
                    WEP HEA CHE ARM WAI LEG CHA TOT
Defense             ---  38  38  38  38  38 --- 190
Resist: Fire        ---  -4  -4  -4  -4  -4 --- -20
        Water       ---  -1  -1  -1  -1  -1 ---  -5
        Ice         ---   9   4   4   4   4 ---  25
        Thunder     ---  -1  -1  -1  -1  -1 ---  -5
        Dragon      ---   1   1   1   1   1 ---   5
--------------------------------------------------------------------------------
Skills: Ice Res     ---   1   4   5   4   6 ---  20 Ice Res +20         
        Tranquilzr  ---   2   2   2   1   3 ---  10 Capture Expert      
        PelletS Up  ---   2   1   3   2   2 ---  10 PelletS Boost       
        Expert      --- ---   2 ---   1 --- ---   3 ---                 
        Stun        ---  -2  -2  -1  -1  -2 ---  -8 ---                 
================================================================================
Set # :   38
================================================================================
Barroth+ Set (Gun)                      High Rank   Gunner      
--------------------------------------------------------------------------------
Weapon                                  ---                                   
Barroth Cap+                            OO-                                   
Barroth Vest+                           ---                                   
Barroth Guards+                         OOO                                   
Barroth Coat+                           O--                                   
Barroth Leggings+                       O--                                   
CHARM:                                  ---                                   
--------------------------------------------------------------------------------
                    WEP HEA CHE ARM WAI LEG CHA TOT
Defense             ---  40  40  40  40  40 --- 200
Resist: Fire        ---   5  -5  -5   5   5 ---   5
        Water       ---   5   5   5  -5  -5 ---   5
        Ice         ---  -4  -4  -4  -4  -4 --- -20
        Thunder     ---   4   4   4   4   4 ---  20
        Dragon      ---   0   0   0   0   0 ---   0
--------------------------------------------------------------------------------
Skills: Potential   ---   3   2   2   4   4 ---  15 Adrenaline +2       
        Attack      ---   4   5   1   2   1 ---  13 Attack Up (S)       
        Stamina     ---   1   1   1   3   4 ---  10 Marathon Runner     
        Expert      ---  -1  -3  -3  -2  -2 --- -11 Critical Eye -1     
================================================================================
Set # :   39
================================================================================
Gobul+ Set (Gun)                        High Rank   Gunner      
--------------------------------------------------------------------------------
Weapon                                  ---                                   
Gobul Cap+                              O--                                   
Gobul Vest+                             O--                                   
Gobul Guards+                           O--                                   
Gobul Coat+                             O--                                   
Gobul Leggings+                         OOO                                   
CHARM:                                  ---                                   
--------------------------------------------------------------------------------
                    WEP HEA CHE ARM WAI LEG CHA TOT
Defense             ---  42  42  42  42  42 --- 210
Resist: Fire        ---  -2  -2  -2  -2  -2 --- -10
        Water       ---   9   4   4   4   4 ---  25
        Ice         ---   0   0   0   0   0 ---   0
        Thunder     ---  -4  -4  -4  -4  -4 --- -20
        Dragon      ---   2   2   2   2   2 ---  10
--------------------------------------------------------------------------------
Skills: Eating      ---   3   2   4   5   1 ---  15 Speed Eating +2     
        Stun        ---   4   2   4   4   1 ---  15 Negate Stun         
        Expert      ---   3   3   2   1   2 ---  11 Critical Eye +1     
        Rec Speed   ---  -1  -2  -1  -1  -3 ---  -8 ---                 
================================================================================
Set # :   40
================================================================================
Rathian+ Set (Gun)                      High Rank   Gunner      
--------------------------------------------------------------------------------
Weapon                                  ---                                   
Rathian Cap+                            OOO                                   
Rathian Vest+                           O--                                   
Rathian Guards+                         O--                                   
Rathian Coat+                           O--                                   
Rathian Leggings+                       O--                                   
CHARM:                                  ---                                   
--------------------------------------------------------------------------------
                    WEP HEA CHE ARM WAI LEG CHA TOT
Defense             ---  42  42  42  42  42 --- 210
Resist: Fire        ---   9   4   4   4   4 ---  25
        Water       ---   0   0   0   0   0 ---   0
        Ice         ---   0   0   0   0   0 ---   0
        Thunder     ---  -2  -2  -2  -2  -2 --- -10
        Dragon      ---  -4  -4  -4  -4  -4 --- -20
--------------------------------------------------------------------------------
Skills: Health      ---   2   3   3   5   2 ---  15 Health +50          
        Fire Res    ---   1   2   3   3   4 ---  13 Fire Res +10        
        Protection  ---  -2  -3  -3  -2  -3 --- -13 Demonic Blessing    
        Hearing     ---   2   1   2   1   2 ---   8 ---                 
================================================================================
Set # :   41
================================================================================
Gigginox+ Set (Gun)                     High Rank   Gunner      
--------------------------------------------------------------------------------
Weapon                                  ---                                   
Gigginox Cap+                           O--                                   
Gigginox Vest+                          O--                                   
Gigginox Guards+                        OOO                                   
Gigginox Coat+                          O--                                   
Gigginox Leggings+                      OOO                                   
CHARM:                                  ---                                   
--------------------------------------------------------------------------------
                    WEP HEA CHE ARM WAI LEG CHA TOT
Defense             ---  44  44  44  44  44 --- 220
Resist: Fire        ---  -4  -4  -4  -4  -4 --- -20
        Water       ---  -1  -1  -1  -1  -1 ---  -5
        Ice         ---   2   2   2   2   2 ---  10
        Thunder     ---   8   3   3   3   3 ---  20
        Dragon      ---   0   0   0   0   0 ---   0
--------------------------------------------------------------------------------
Skills: Constitutn  ---   4   5   1   4   1 ---  15 Constitution +2     
        Poison      ---   3   1   2   3   1 ---  10 Negate Posion       
        Status      ---   3   1   1   3   2 ---  10 Status Atk Up       
        Health      ---  -1  -2  -3  -1  -3 --- -10 Health -10          
================================================================================
Set # :   42
================================================================================
Ingot+ Set (Gun)                        High Rank   Gunner      
--------------------------------------------------------------------------------
Weapon                                  ---                                   
Ingot Cap+                              O--                                   
Ingot Vest+                             O--                                   
Ingot Guards+                           OOO                                   
Ingot Coat+                             OOO                                   
Ingot Leggings+                         O--                                   
CHARM:                                  ---                                   
--------------------------------------------------------------------------------
                    WEP HEA CHE ARM WAI LEG CHA TOT
Defense             ---  42  42  42  42  42 --- 210
Resist: Fire        ---  -2  -2  -2  -2  -2 --- -10
        Water       ---  -1  -1  -1  -1  -1 ---  -5
        Ice         ---   1   1   1   1   1 ---   5
        Thunder     ---   3   3   3   3   3 ---  15
        Dragon      ---   7   2   2   2   2 ---  15
--------------------------------------------------------------------------------
Skills: Recoil      ---   3   4   2   1   5 ---  15 Recoil Down +2      
        ThunderRes  ---   4   2   1   1   3 ---  11 Thunder Res +10     
        Guard Up    ---   3   2   1   2   2 ---  10 Guard Boost         
        Reload Spd  ---  -1  -1  -3  -3  -1 ---  -9 ---                 
================================================================================
Set # :   43
================================================================================
Dober Set (Gun)                         High Rank   Gunner      
--------------------------------------------------------------------------------
Weapon                                  ---                                   
Dober Cap                               OOO                                   
Dober Vest                              O--                                   
Dober Guards                            O--                                   
Dober Coat                              O--                                   
Dober Leggings                          OOO                                   
CHARM:                                  ---                                   
--------------------------------------------------------------------------------
                    WEP HEA CHE ARM WAI LEG CHA TOT
Defense             ---  44  44  44  44  44 --- 220
Resist: Fire        ---  -2  -2  -2  -2  -2 --- -10
        Water       ---  -2  -2  -2  -2  -2 --- -10
        Ice         ---   1   1   1   1   1 ---   5
        Thunder     ---   1   1   1   1   1 ---   5
        Dragon      ---  10   5   5   5   5 ---  30
--------------------------------------------------------------------------------
Skills: Pellet S+   ---   2   3   4   4   2 ---  15 PelletS All Up      
        Dragon Res  ---   1   2   3   4   1 ---  11 Dragon Res +10      
        PelletS Up  ---   2   3   3   1   1 ---  10 PelletS Boost       
        Potential   ---  -2  -1  -1  -2  -3 ---  -9 ---                 
================================================================================
Set # :   44
================================================================================
Lagiacrus+ Set (Gun)                    High Rank   Gunner      
--------------------------------------------------------------------------------
Weapon                                  ---                                   
Lagiacrus Cap+                          O--                                   
Lagiacrus Vest+                         OOO                                   
Lagiacrus Guards+                       O--                                   
Lagiacrus Coat+                         OO-                                   
Lagiacrus Leggings+                     O--                                   
CHARM:                                  ---                                   
--------------------------------------------------------------------------------
                    WEP HEA CHE ARM WAI LEG CHA TOT
Defense             ---  44  44  44  44  44 --- 220
Resist: Fire        ---  -4  -4  -4  -4  -4 --- -20
        Water       ---   2   2   2   2   2 ---  10
        Ice         ---  -1  -1  -1  -1  -1 ---  -5
        Thunder     ---  10   5   5   5   5 ---  30
        Dragon      ---  -2  -2  -2  -2  -2 --- -10
--------------------------------------------------------------------------------
Skills: Swimming    ---   5   1   4   2   3 ---  15 Olympic Swimmer     
        Elemental   ---   2   1   2   2   3 ---  10 Elemental Atk Up    
        Rapid Fire  ---   2   1   2   2   3 ---  10 Bonus Shot          
        Status      ---  -2  -2  -3  -3  -2 --- -12 Status Atk Down     
================================================================================
Set # :   45
================================================================================
Rathalos+ Set (Gun)                     High Rank   Gunner      
--------------------------------------------------------------------------------
Weapon                                  ---                                   
Rathalos Cap+                           OOO                                   
Rathalos Vest+                          O--                                   
Rathalos Guards+                        O--                                   
Rathalos Coat+                          O--                                   
Rathalos Leggings+                      ---                                   
CHARM:                                  ---                                   
--------------------------------------------------------------------------------
                    WEP HEA CHE ARM WAI LEG CHA TOT
Defense             ---  44  44  44  44  44 --- 220
Resist: Fire        ---   9   4   4   4   4 ---  25
        Water       ---   0   0   0   0   0 ---   0
        Ice         ---   0   0   0   0   0 ---   0
        Thunder     ---  -2  -2  -2  -2  -2 --- -10
        Dragon      ---  -4  -4  -4  -4  -4 --- -20
--------------------------------------------------------------------------------
Skills: Heat Res    ---   1   1   3   4   6 ---  15 Heat Cancel (Hi)    
        Expert      ---   3   2   4   3   3 ---  15 Critical Eye +2     
        NormalS Up  ---   1   3   3   1   2 ---  10 NormalS Boost       
        Defense     ---  -2  -3  -1  -3  -2 --- -11 Defense Down (S)    
================================================================================
Set # :   46
================================================================================
Barioth+ Set (Gun)                      High Rank   Gunner      
--------------------------------------------------------------------------------
Weapon                                  ---                                   
Barioth Cap+                            O--                                   
Barioth Vest+                           ---                                   
Barioth Guards+                         O--                                   
Barioth Coat+                           OOO                                   
Barioth Leggings+                       ---                                   
CHARM:                                  ---                                   
--------------------------------------------------------------------------------
                    WEP HEA CHE ARM WAI LEG CHA TOT
Defense             ---  44  44  44  44  44 --- 220
Resist: Fire        ---  -4  -4  -4  -4  -4 --- -20
        Water       ---   2   2   2   2   2 ---  10
        Ice         ---  10   5   5   5   5 ---  30
        Thunder     ---  -3  -3  -3  -3  -3 --- -15
        Dragon      ---   0   0   0   0   0 ---   0
--------------------------------------------------------------------------------
Skills: Evade Dist  ---   4   2   4   1   4 ---  15 Evasion Up          
        Evasion     ---   2   4   4   2   3 ---  15 Evasion +2          
        Cold Res    ---   4   2   1   1   4 ---  12 Cold Cancel (Lo)    
        Heat Res    ---  -1  -3  -2  -3  -2 --- -11 Heat Surge (Lo)     
================================================================================
Set # :   47
================================================================================
Diablos+ Set (Gun)                      High Rank   Gunner      
--------------------------------------------------------------------------------
Weapon                                  ---                                   
Diablos Cap+                            ---                                   
Diablos Vest+                           ---                                   
Diablos Guards+                         OOO                                   
-----                                   
-----                                   
CHARM:                                  ---                                   
--------------------------------------------------------------------------------
                    WEP HEA CHE ARM WAI LEG CHA TOT
Defense             ---  45  45  45   0   0 --- 135
Resist: Fire        ---   3   3   3   0   0 ---   9
        Water       ---   2  -1  -1   0   0 ---   0
        Ice         ---  -4  -4  -4   0   0 --- -12
        Thunder     ---   2  -1  -1   0   0 ---   0
        Dragon      ---   2  -1  -1   0   0 ---   0
--------------------------------------------------------------------------------
Skills: PierceS Up  ---   5   4   1 --- --- ---  10 PierceS Boost       
        Pierce S+   ---   5   3   2 --- --- ---  10 PierceS Lv1 Up      
        Elemental   ---  -3  -4  -4 --- --- --- -11 Elemental Atk Down  
================================================================================
Set # :   48
================================================================================
Uragaan+ Set (Gun)                      High Rank   Gunner      
--------------------------------------------------------------------------------
Weapon                                  ---                                   
Uragaan Cap+                            O--                                   
Uragaan Vest+                           O--                                   
Uragaan Guards+                         OOO                                   
Uragaan Coat+                           O--                                   
Uragaan Leggings+                       OOO                                   
CHARM:                                  ---                                   
--------------------------------------------------------------------------------
                    WEP HEA CHE ARM WAI LEG CHA TOT
Defense             ---  45  45  45  45  45 --- 225
Resist: Fire        ---   9   4   4   4   4 ---  25
        Water       ---  -4  -4  -4  -4  -4 --- -20
        Ice         ---  -1  -1  -1  -1  -1 ---  -5
        Thunder     ---   1   1   1   1   1 ---   5
        Dragon      ---  -2  -2  -2  -2  -2 --- -10
--------------------------------------------------------------------------------
Skills: Recoil      ---   6   1   1   6   1 ---  15 Recoil Down +2      
        Bomb Boost  ---   1   4   2   2   1 ---  10 Bombardier          
        Defense     ---   3   2   1   2   2 ---  10 Defense Up (S)      
        Eating      ---  -1  -2  -3  -1  -3 --- -10 Slow Eater          
================================================================================
Set # :   49
================================================================================
Agnaktor+ Set (Gun)                     High Rank   Gunner      
--------------------------------------------------------------------------------
Weapon                                  ---                                   
Agnaktor Cap+                           ---                                   
Agnaktor Vest+                          O--                                   
Agnaktor Guards+                        OOO                                   
Agnaktor Coat+                          OOO                                   
Agnaktor Leggings+                      OO-                                   
CHARM:                                  ---                                   
--------------------------------------------------------------------------------
                    WEP HEA CHE ARM WAI LEG CHA TOT
Defense             ---  45  45  45  45  45 --- 225
Resist: Fire        ---  10   5   5   5   5 ---  30
        Water       ---  -4  -4  -4  -4  -4 --- -20
        Ice         ---  -2  -2  -2  -2  -2 --- -10
        Thunder     ---   1   1   1   1   1 ---   5
        Dragon      ---   0   0   0   0   0 ---   0
--------------------------------------------------------------------------------
Skills: NormalS Up  ---   4   3   2   1   2 ---  12 NormalS Boost       
        Flame Aura  ---   4   1   1   1   4 ---  11 Flaming Aura        
        Normal S+   ---   4   3   1   2   1 ---  11 NormalS All Up      
        Stamina     ---  -1  -2  -3  -3  -2 --- -11 Short Sprinter      
================================================================================
Set # :   50
================================================================================
Damacrus Set (Gun)                      High Rank   Gunner      
--------------------------------------------------------------------------------
Weapon                                  ---                                   
Damacrus Cap                            OOO                                   
Damacrus Vest                           OOO                                   
Damacrus Guards                         ---                                   
Damacrus Coat                           O--                                   
Damacrus Leggings                       ---                                   
CHARM:                                  ---                                   
--------------------------------------------------------------------------------
                    WEP HEA CHE ARM WAI LEG CHA TOT
Defense             ---  45  45  45  45  45 --- 225
Resist: Fire        ---  -2  -2  -2  -2  -2 --- -10
        Water       ---   0   0   0   0   0 ---   0
        Ice         ---   2   2   2   2   2 ---  10
        Thunder     ---  -2  -2  -2  -2  -2 --- -10
        Dragon      ---   8   3   3   3   3 ---  20
--------------------------------------------------------------------------------
Skills: Reload Spd  ---   2   1   5   3   4 ---  15 Reload Speed +2     
        Health      ---   1   1   4   3   6 ---  15 Health +50          
        Guard Up    ---   1   1   2   4   2 ---  10 Guard Boost         
        Stamina     ---  -3  -2  -2  -1  -1 ---  -9 ---                 
================================================================================
Set # :   51
================================================================================
Helios+/Selene+ Set (Gun)               High Rank   Gunner      
--------------------------------------------------------------------------------
Weapon                                  ---                                   
Helios Cap+/Selene Cap+                 OOO                                   
Helios Vest+/Selene Vest+               ---                                   
Helios Guards+/Selene Guards+           ---                                   
Helios Coat+/Selene Coat+               OOO                                   
Helios Leggings+/Selene Leggings+       ---                                   
CHARM:                                  ---                                   
--------------------------------------------------------------------------------
                    WEP HEA CHE ARM WAI LEG CHA TOT
Defense             ---  47  47  47  47  47 --- 235
Resist: Fire        ---   0   0   0   0   0 ---   0
        Water       ---  10   5   5   5   5 ---  30
        Ice         ---   3   3   3   3   3 ---  15
        Thunder     ---  -3  -3  -3  -3  -3 --- -15
        Dragon      ---  -4  -4  -4  -4  -4 --- -20
--------------------------------------------------------------------------------
Skills: Loading     ---   1   5   3   2   4 ---  15 Load Up             
        Hearing     ---   2   3   5   1   4 ---  15 HG Earplugs         
        Recoil      ---  -1  -2  -1  -3  -3 --- -10 Recoil Down -1      
        Protection  ---  -3  -1  -4  -1  -2 --- -11 Demonic Blessing    
================================================================================
Set # :   52
================================================================================
Mutsu+/Amagi+ Set (Gun)                 High Rank   Gunner      
--------------------------------------------------------------------------------
Weapon                                  ---                                   
Mutsu Eboshi+/Amagi Hachigane+          OOO                                   
Mutsu Muneate+/Amagi Muneate+           O--                                   
Mutsu Kote+/Amagi Kote+                 OOO                                   
Mutsu Koshiate+/Amagi Koshiate+         O--                                   
Mutsu Gosuku+/Amagi Hakama+             ---                                   
CHARM:                                  ---                                   
--------------------------------------------------------------------------------
                    WEP HEA CHE ARM WAI LEG CHA TOT
Defense             ---  47  47  47  47  47 --- 235
Resist: Fire        ---   4   4   4   4   4 ---  20
        Water       ---  10   0   0   0   0 ---  10
        Ice         ---  -3  -3  -3  -3  -3 --- -15
        Thunder     ---  10   0   0   0   0 ---  10
        Dragon      ---  -4  -4  -4  -4  -4 --- -20
--------------------------------------------------------------------------------
Skills: Clust S+    ---   2   4   1   4   4 ---  15 Clust S All Up      
        Rec Speed   ---   1   2   1   2   4 ---  10 Recovery Spd +1     
        Recoil      ---   1   2   2   2   3 ---  10 Recoil Down +1      
        Combo Rate  ---  -3  -1  -3  -3  -2 --- -12 Combination -5%     
================================================================================
Set # :   53
================================================================================
Guild Bard+/Scholar+ Set (Gun)          High Rank   Gunner      
--------------------------------------------------------------------------------
Weapon                                  ---                                   
Guild Bard Hat+/Scholar's Cap+          O--                                   
Guild Bard Vest+/Scholar's Vest+        ---                                   
Guild Bard Sleeves+/Scholar's Sleeves+  O--                                   
Guild Bard Coat+/Scholar's Mini+        O--                                   
Guild Bard Gaiters+/Scholar's Sandals+  ---                                   
CHARM:                                  ---                                   
--------------------------------------------------------------------------------
                    WEP HEA CHE ARM WAI LEG CHA TOT
Defense             ---  34  34  34  34  34 --- 170
Resist: Fire        --- -10   0   0   0   0 --- -10
        Water       ---  10   0   0   0   0 ---  10
        Ice         --- -10   0   0   0   0 --- -10
        Thunder     ---   5   0   0   0   0 ---   5
        Dragon      ---  10   0   0   0   0 ---  10
--------------------------------------------------------------------------------
Skills: Torso Up    --- --- --- --- ---   E --- --- 
        Fate        ---   2   6   2   2 --- ---  12 Good Luck           
        Carving     ---   2   4   2   2 --- ---  10 Carving Pro         
        Tranquilzr  ---   2   4   2   2 --- ---  10 Capture Expert      
        Protection  ---  -5  -8  -5  -5 --- --- -23 Demonic Blessing    
================================================================================
Set # :   54
================================================================================
Deviljho Set (Gun)                      High Rank   Gunner      
--------------------------------------------------------------------------------
Weapon                                  ---                                   
Deviljho Cap                            ---                                   
Deviljho Vest                           ---                                   
Deviljho Guards                         ---                                   
Deviljho Cost                           ---                                   
Deviljho Leggings                       OOO                                   
CHARM:                                  ---                                   
--------------------------------------------------------------------------------
                    WEP HEA CHE ARM WAI LEG CHA TOT
Defense             ---  46  46  46  46  46 --- 230
Resist: Fire        ---   5   0   0   0   0 ---   5
        Water       ---   5   0   0   0   0 ---   5
        Ice         ---   3   3   3   3   3 ---  15
        Thunder     ---  -4  -4  -4  -4  -4 --- -20
        Dragon      ---  -4  -4  -4  -4  -4 --- -20
--------------------------------------------------------------------------------
Skills: Torso Up    --- --- --- ---   E --- --- --- 
        Psychic     ---   5   6   3 ---   1 ---  15 Autotracker         
        Attack      ---   2   6   6 ---   1 ---  15 Attack Up (M)       
        Loading     ---   5   6   2 ---   2 ---  15 Load Up             
        Hunger      ---  -1  -4  -2 ---  -3 --- -10 Raise Hunger        
================================================================================
Set # :   55
================================================================================
Alatreon Set (Gun)                      High Rank   Gunner      
--------------------------------------------------------------------------------
Weapon                                  ---                                   
Alatreon Sagesse                        OO-                                   
Alatreon Seele                          OO-                                   
Alatreon Arma                           O--                                   
Alatreon Force                          OO-                                   
Alatreon Scala                          O--                                   
CHARM:                                  ---                                   
--------------------------------------------------------------------------------
                    WEP HEA CHE ARM WAI LEG CHA TOT
Defense             ---  48  48  48  48  48 --- 240
Resist: Fire        ---   4  -1  -1  -1  -1 ---   0
        Water       ---   4  -1  -1  -1  -1 ---   0
        Ice         ---   4  -1  -1  -1  -1 ---   0
        Thunder     ---   0   0   0   0   0 ---   0
        Dragon      ---  -5  -5  -5  -5  -5 --- -25
--------------------------------------------------------------------------------
Skills: Evade Dist  ---   2   2   4   3   4 ---  15 Evasion Up          
        Rapid Fire  ---   1   2   3   2   3 ---  11 Bonus Shot          
        Blight Res  ---   3   2   1   2   2 ---  10 Blightproof         
        Rec Level   ---  -3  -1  -3  -2  -2 --- -11 Recovery Down       
================================================================================
